TN:
SF:src\components\DropZone.tsx
FN:33,DropZone
FNF:1
FNH:1
FNDA:16,DropZone
DA:8,1
DA:34,16
DA:35,16
DA:36,16
DA:38,16
LF:5
LH:5
BRDA:36,0,0,6
BRDA:36,0,1,10
BRDA:46,1,0,6
BRDA:46,1,1,10
BRDA:49,2,0,2
BRDA:49,2,1,14
BRDA:53,3,0,6
BRDA:53,3,1,10
BRDA:58,4,0,6
BRDA:58,4,1,0
BRF:10
BRH:9
end_of_record
TN:
SF:src\components\ExportPanel.tsx
FN:12,ExportPanel
FN:25,(anonymous_1)
FN:49,(anonymous_2)
FN:117,(anonymous_3)
FN:118,(anonymous_4)
FNF:5
FNH:5
FNDA:109,ExportPanel
FNDA:6,(anonymous_1)
FNDA:5,(anonymous_2)
FNDA:70,(anonymous_3)
FNDA:71,(anonymous_4)
DA:18,109
DA:19,109
DA:20,109
DA:23,109
DA:25,109
DA:26,6
DA:27,6
DA:28,6
DA:30,6
DA:31,6
DA:32,5
DA:33,3
DA:35,2
DA:41,1
DA:45,6
DA:49,109
DA:50,5
DA:51,5
DA:52,5
DA:53,5
DA:54,4
DA:56,1
DA:60,1
DA:64,109
DA:65,4
DA:87,105
DA:88,90
DA:117,70
DA:118,71
DA:161,15
DA:162,15
DA:208,0
LF:32
LH:31
BRDA:21,0,0,16
BRDA:21,0,1,93
BRDA:26,1,0,0
BRDA:26,1,1,6
BRDA:32,2,0,3
BRDA:32,2,1,2
BRDA:64,3,0,4
BRDA:64,3,1,105
BRDA:87,4,0,90
BRDA:87,4,1,15
BRDA:118,5,0,71
BRDA:118,5,1,1
BRDA:126,6,0,90
BRDA:126,6,1,3
BRDA:132,7,0,90
BRDA:132,7,1,87
BRDA:141,8,0,90
BRDA:141,8,1,84
BRDA:144,9,0,17
BRDA:144,9,1,73
BRDA:144,10,0,90
BRDA:144,10,1,84
BRDA:149,11,0,6
BRDA:149,11,1,84
BRDA:152,12,0,90
BRDA:152,12,1,90
BRDA:161,13,0,15
BRDA:161,13,1,0
BRDA:161,14,0,15
BRDA:161,14,1,5
BRDA:181,15,0,15
BRDA:181,15,1,1
BRDA:193,16,0,5
BRDA:193,16,1,10
BRDA:198,17,0,5
BRDA:198,17,1,10
BRF:36
BRH:34
end_of_record
TN:
SF:src\components\RepairProgress.tsx
FN:10,RepairProgress
FN:14,(anonymous_1)
FN:19,(anonymous_2)
FN:23,(anonymous_3)
FN:65,(anonymous_4)
FNF:5
FNH:5
FNDA:18,RepairProgress
FNDA:17,(anonymous_1)
FNDA:1,(anonymous_2)
FNDA:14,(anonymous_3)
FNDA:5,(anonymous_4)
DA:11,18
DA:12,18
DA:14,18
DA:15,17
DA:17,17
DA:19,14
DA:20,1
DA:23,14
DA:26,18
DA:66,5
LF:10
LH:10
BRDA:17,0,0,3
BRDA:17,0,1,14
BRDA:17,1,0,17
BRDA:17,1,1,15
BRDA:41,2,0,18
BRDA:41,2,1,1
BRDA:41,2,2,1
BRDA:49,3,0,18
BRDA:49,3,1,1
BRDA:57,4,0,18
BRDA:57,4,1,1
BRDA:70,5,0,18
BRDA:70,5,1,16
BRF:13
BRH:13
end_of_record
TN:
SF:src\components\StepTabs.tsx
FN:17,StepTabs
FN:22,(anonymous_1)
FNF:2
FNH:2
FNDA:8,StepTabs
FNDA:40,(anonymous_1)
DA:3,1
DA:11,1
DA:18,8
DA:20,8
DA:23,40
DA:24,40
DA:26,40
LF:7
LH:7
BRDA:31,0,0,11
BRDA:31,0,1,29
BRDA:32,1,0,8
BRDA:32,1,1,32
BRDA:33,2,0,21
BRDA:33,2,1,19
BRDA:33,3,0,40
BRDA:33,3,1,29
BRDA:36,4,0,11
BRDA:36,4,1,29
BRF:10
BRH:10
end_of_record
TN:
SF:src\components\VideoPreview.tsx
FN:7,VideoPreview
FNF:1
FNH:1
FNDA:12,VideoPreview
DA:8,12
DA:9,2
DA:18,10
DA:20,12
LF:4
LH:4
BRDA:8,0,0,2
BRDA:8,0,1,10
BRDA:18,1,0,10
BRDA:18,1,1,0
BRF:4
BRH:3
end_of_record
TN:
SF:src\hooks\useRepair.ts
FN:44,reducer
FN:113,useRepair
FN:118,(anonymous_2)
FN:125,(anonymous_3)
FN:127,(anonymous_4)
FN:132,(anonymous_5)
FN:137,(anonymous_6)
FN:141,(anonymous_7)
FN:145,(anonymous_8)
FN:165,(anonymous_9)
FN:173,(anonymous_10)
FN:223,(anonymous_11)
FN:227,(anonymous_12)
FN:243,(anonymous_13)
FN:256,(anonymous_14)
FN:266,(anonymous_15)
FNF:16
FNH:14
FNDA:93,reducer
FNDA:61,useRepair
FNDA:33,(anonymous_2)
FNDA:22,(anonymous_3)
FNDA:12,(anonymous_4)
FNDA:4,(anonymous_5)
FNDA:10,(anonymous_6)
FNDA:1,(anonymous_7)
FNDA:11,(anonymous_8)
FNDA:0,(anonymous_9)
FNDA:0,(anonymous_10)
FNDA:1,(anonymous_11)
FNDA:3,(anonymous_12)
FNDA:2,(anonymous_13)
FNDA:2,(anonymous_14)
FNDA:1,(anonymous_15)
DA:28,2
DA:45,93
DA:47,17
DA:49,7
DA:57,13
DA:65,2
DA:67,20
DA:76,5
DA:82,11
DA:92,6
DA:101,2
DA:103,4
DA:105,3
DA:107,3
DA:109,0
DA:114,61
DA:115,61
DA:116,61
DA:118,61
DA:119,33
DA:120,0
DA:121,0
DA:125,61
DA:127,61
DA:128,12
DA:129,12
DA:132,61
DA:133,4
DA:134,4
DA:137,61
DA:138,10
DA:141,61
DA:142,1
DA:145,61
DA:146,11
DA:147,10
DA:148,10
DA:149,10
DA:150,10
DA:152,10
DA:153,10
DA:164,11
DA:165,11
DA:166,0
DA:167,0
DA:168,0
DA:171,0
DA:172,0
DA:173,0
DA:175,0
DA:177,0
DA:183,11
DA:185,11
DA:187,11
DA:191,7
DA:193,9
DA:194,8
DA:196,1
DA:203,1
DA:205,1
DA:211,10
DA:212,10
DA:213,10
DA:223,61
DA:224,1
DA:227,61
DA:228,3
DA:229,3
DA:230,2
DA:231,1
DA:233,1
DA:235,2
DA:237,1
DA:238,1
DA:239,1
DA:243,61
DA:244,2
DA:245,2
DA:246,2
DA:247,2
DA:248,1
DA:251,0
DA:252,0
DA:256,61
DA:257,2
DA:259,1
DA:260,1
DA:262,0
DA:266,61
DA:267,1
DA:268,1
DA:269,1
DA:272,61
LF:93
LH:79
BRDA:45,0,0,17
BRDA:45,0,1,7
BRDA:45,0,2,13
BRDA:45,0,3,2
BRDA:45,0,4,20
BRDA:45,0,5,5
BRDA:45,0,6,11
BRDA:45,0,7,6
BRDA:45,0,8,2
BRDA:45,0,9,4
BRDA:45,0,10,3
BRDA:45,0,11,3
BRDA:45,0,12,0
BRDA:79,1,0,4
BRDA:79,1,1,1
BRDA:119,2,0,0
BRDA:119,2,1,33
BRDA:129,3,0,11
BRDA:129,3,1,1
BRDA:134,4,0,3
BRDA:134,4,1,1
BRDA:146,5,0,1
BRDA:146,5,1,10
BRDA:158,6,0,2
BRDA:158,6,1,8
BRDA:166,7,0,0
BRDA:166,7,1,0
BRDA:173,8,0,0
BRDA:173,8,1,0
BRDA:175,9,0,0
BRDA:175,9,1,0
BRDA:187,10,0,2
BRDA:187,10,1,8
BRDA:187,11,0,11
BRDA:187,11,1,2
BRDA:191,12,0,0
BRDA:191,12,1,7
BRDA:193,13,0,8
BRDA:193,13,1,1
BRDA:193,14,0,9
BRDA:193,14,1,8
BRDA:198,15,0,1
BRDA:198,15,1,0
BRDA:203,16,0,0
BRDA:203,16,1,1
BRDA:212,17,0,10
BRDA:212,17,1,0
BRDA:230,18,0,1
BRDA:230,18,1,1
BRDA:244,19,0,0
BRDA:244,19,1,2
BRDA:247,20,0,1
BRDA:247,20,1,1
BRDA:257,21,0,1
BRDA:257,21,1,1
BRF:55
BRH:42
end_of_record
TN:
SF:src\lib\tauriCommands.ts
FN:5,pickBrokenFile
FN:19,pickReferenceFile
FN:33,pickSaveLocation
FN:47,repairNoReference
FN:61,repairWithReference
FN:78,validateLicense
FN:87,openFileInPlayer
FN:95,saveRepairedFile
FNF:8
FNH:8
FNDA:3,pickBrokenFile
FNDA:2,pickReferenceFile
FNDA:3,pickSaveLocation
FNDA:3,repairNoReference
FNDA:2,repairWithReference
FNDA:3,validateLicense
FNDA:2,openFileInPlayer
FNDA:2,saveRepairedFile
DA:6,3
DA:7,3
DA:12,2
DA:14,1
DA:15,1
DA:20,2
DA:21,2
DA:26,1
DA:28,1
DA:29,1
DA:34,3
DA:35,3
DA:40,2
DA:42,1
DA:43,1
DA:48,3
DA:49,3
DA:51,1
DA:52,1
DA:65,2
DA:66,2
DA:68,1
DA:69,1
DA:79,3
DA:80,3
DA:82,1
DA:83,1
DA:88,2
DA:89,2
DA:91,1
DA:96,2
DA:97,2
DA:99,1
DA:100,1
LF:34
LH:34
BRDA:12,0,0,1
BRDA:12,0,1,1
BRDA:26,1,0,0
BRDA:26,1,1,1
BRDA:40,2,0,2
BRDA:40,2,1,1
BRF:6
BRH:5
end_of_record
